<?xml version="1.0" encoding="utf-8"?><testsuites name="pytest tests"><testsuite name="pytest" errors="0" failures="0" skipped="0" tests="18" time="4.623" timestamp="2026-04-19T10:48:49.681462+00:00" hostname="agent-env-e44c5195-5661-4bbf-afd9-e2d4d977309a"><testcase classname="tests.test_subcategories.TestCategoriesV3" name="test_categories_count_25" time="0.262" /><testcase classname="tests.test_subcategories.TestCategoriesV3" name="test_categories_have_subcategories_field" time="0.108" /><testcase classname="tests.test_subcategories.TestCategoriesV3" name="test_new_categories_have_subcategories" time="0.142" /><testcase classname="tests.test_subcategories.TestCategoriesV3" name="test_original_categories_no_subcategories" time="0.133" /><testcase classname="tests.test_subcategories.TestSubcategoriesEndpoint" name="test_get_subcategories_macchine" time="0.143" /><testcase classname="tests.test_subcategories.TestSubcategoriesEndpoint" name="test_get_subcategories_moto" time="0.100" /><testcase classname="tests.test_subcategories.TestSubcategoriesEndpoint" name="test_get_subcategories_guerre" time="0.136" /><testcase classname="tests.test_subcategories.TestSubcategoriesEndpoint" name="test_get_subcategories_invalid_category" time="0.166" /><testcase classname="tests.test_subcategories.TestSubcategoriesEndpoint" name="test_get_subcategories_original_category" time="0.116" /><testcase classname="tests.test_subcategories.TestSubInterestsAuth" name="test_update_sub_interests_macchine_ferrari" time="0.372" /><testcase classname="tests.test_subcategories.TestSubInterestsAuth" name="test_update_sub_interests_multiple_brands" time="0.377" /><testcase classname="tests.test_subcategories.TestSubInterestsAuth" name="test_update_sub_interests_multiple_categories" time="0.394" /><testcase classname="tests.test_subcategories.TestSubInterestsAuth" name="test_sub_interests_sanitization" time="0.376" /><testcase classname="tests.test_subcategories.TestSubInterestsAuth" name="test_me_returns_sub_interests" time="0.417" /><testcase classname="tests.test_subcategories.TestFeedFiltering" name="test_feed_filter_by_sub_interests_ferrari_only" time="0.452" /><testcase classname="tests.test_subcategories.TestFeedFiltering" name="test_feed_empty_sub_interests_returns_all" time="0.390" /><testcase classname="tests.test_subcategories.TestFeedFiltering" name="test_facts_have_sub_category_field" time="0.373" /><testcase classname="tests.test_subcategories.TestFactsCount" name="test_db_has_120_plus_facts" time="0.100" /></testsuite></testsuites>