<?xml version="1.0" encoding="utf-8"?><testsuites name="pytest tests"><testsuite name="pytest" errors="0" failures="0" skipped="0" tests="11" time="27.988" timestamp="2026-04-18T19:14:15.919170+00:00" hostname="agent-env-e44c5195-5661-4bbf-afd9-e2d4d977309a"><testcase classname="test_gamification.TestContentExpansion" name="test_health_shows_96_plus_facts" time="0.242" /><testcase classname="test_gamification.TestContentExpansion" name="test_preview_endpoint" time="0.137" /><testcase classname="test_gamification.TestContentExpansion" name="test_facts_have_sources_field" time="0.502" /><testcase classname="test_gamification.TestTrophies" name="test_get_trophies" time="0.425" /><testcase classname="test_gamification.TestTrophies" name="test_trophies_require_auth" time="0.132" /><testcase classname="test_gamification.TestStreak" name="test_checkin_first_call" time="0.482" /><testcase classname="test_gamification.TestStreak" name="test_checkin_same_day_no_change" time="0.425" /><testcase classname="test_gamification.TestTrophyEarning" name="test_react_returns_new_trophies" time="0.434" /><testcase classname="test_gamification.TestTrophyEarning" name="test_bookmark_returns_new_trophies" time="0.952" /><testcase classname="test_gamification.TestAIGeneration" name="test_generate_tracks_ai_count" time="13.508" /><testcase classname="test_gamification.TestAIGeneration" name="test_bulk_generate_creates_multiple_facts" time="10.697" /></testsuite></testsuites>