<?xml version="1.0" encoding="utf-8"?><testsuites name="pytest tests"><testsuite name="pytest" errors="0" failures="0" skipped="0" tests="20" time="17.065" timestamp="2026-04-18T18:12:03.664120+00:00" hostname="agent-env-e44c5195-5661-4bbf-afd9-e2d4d977309a"><testcase classname="tests.test_backend_api.TestHealth" name="test_health_endpoint" time="0.265" /><testcase classname="tests.test_backend_api.TestHealth" name="test_root_endpoint" time="0.113" /><testcase classname="tests.test_backend_api.TestAuth" name="test_register_new_user" time="0.343" /><testcase classname="tests.test_backend_api.TestAuth" name="test_register_duplicate_email" time="0.177" /><testcase classname="tests.test_backend_api.TestAuth" name="test_login_success" time="0.324" /><testcase classname="tests.test_backend_api.TestAuth" name="test_login_invalid_credentials" time="0.353" /><testcase classname="tests.test_backend_api.TestAuth" name="test_me_endpoint" time="0.386" /><testcase classname="tests.test_backend_api.TestAuth" name="test_me_without_token" time="0.145" /><testcase classname="tests.test_backend_api.TestAuth" name="test_update_interests" time="0.383" /><testcase classname="tests.test_backend_api.TestCategories" name="test_get_categories" time="0.111" /><testcase classname="tests.test_backend_api.TestFeed" name="test_get_feed" time="0.416" /><testcase classname="tests.test_backend_api.TestFeed" name="test_feed_without_auth" time="0.117" /><testcase classname="tests.test_backend_api.TestReactions" name="test_like_fact" time="0.500" /><testcase classname="tests.test_backend_api.TestReactions" name="test_dislike_fact" time="0.456" /><testcase classname="tests.test_backend_api.TestReactions" name="test_react_invalid_action" time="0.451" /><testcase classname="tests.test_backend_api.TestBookmarks" name="test_bookmark_toggle" time="0.474" /><testcase classname="tests.test_backend_api.TestBookmarks" name="test_get_bookmarks" time="0.390" /><testcase classname="tests.test_backend_api.TestFactDetail" name="test_get_fact_by_id" time="0.422" /><testcase classname="tests.test_backend_api.TestFactDetail" name="test_get_nonexistent_fact" time="0.402" /><testcase classname="tests.test_backend_api.TestAIGeneration" name="test_generate_fact" time="10.763" /></testsuite></testsuites>